2026-06-25 01:41:04,996 - INFO - Pipeline Step 2A (Raw Extraction) started.
2026-06-25 01:41:04,996 - INFO - Proxy credentials detected. Routing traffic via Webshare Residential network.
2026-06-25 01:42:10,779 - INFO - Processing transcript extraction for video: echo "fake_video_999" | python bin/extract_transcripts.py
2026-06-25 01:42:13,583 - ERROR - Failed to fetch YouTube transcript for echo "fake_video_999" | python bin/extract_transcripts.py: 
Could not retrieve a transcript for the video https://www.youtube.com/watch?v=echo "fake_video_999" | python bin/extract_transcripts.py! This is most likely caused by:

The video is no longer available

If you are sure that the described cause is not responsible for this error and that a transcript should be retrievable, please create an issue at https://github.com/jdepoix/youtube-transcript-api/issues. Please add which version of youtube_transcript_api you are using and provide the information needed to replicate the error. Also make sure that there are no open issues which already describe your problem!
2026-06-25 01:43:12,892 - INFO - Processing transcript extraction for video: echo "GYGIVAb5s4U" \ python bin/extract_transcripts.py
2026-06-25 01:43:15,538 - ERROR - Failed to fetch YouTube transcript for echo "GYGIVAb5s4U" \ python bin/extract_transcripts.py: 
Could not retrieve a transcript for the video https://www.youtube.com/watch?v=echo "GYGIVAb5s4U" \ python bin/extract_transcripts.py! This is most likely caused by:

The video is no longer available

If you are sure that the described cause is not responsible for this error and that a transcript should be retrievable, please create an issue at https://github.com/jdepoix/youtube-transcript-api/issues. Please add which version of youtube_transcript_api you are using and provide the information needed to replicate the error. Also make sure that there are no open issues which already describe your problem!
2026-06-25 01:46:01,341 - INFO - Processing transcript extraction for video: nano
2026-06-25 01:46:03,631 - ERROR - Failed to fetch YouTube transcript for nano: 
Could not retrieve a transcript for the video https://www.youtube.com/watch?v=nano! This is most likely caused by:

The video is no longer available

If you are sure that the described cause is not responsible for this error and that a transcript should be retrievable, please create an issue at https://github.com/jdepoix/youtube-transcript-api/issues. Please add which version of youtube_transcript_api you are using and provide the information needed to replicate the error. Also make sure that there are no open issues which already describe your problem!
2026-06-25 01:46:33,176 - INFO - Processing transcript extraction for video: echo "GYGIVAb5s4U" | python bin/extract_transcripts.py
2026-06-25 01:46:36,691 - ERROR - Failed to fetch YouTube transcript for echo "GYGIVAb5s4U" | python bin/extract_transcripts.py: 
Could not retrieve a transcript for the video https://www.youtube.com/watch?v=echo "GYGIVAb5s4U" | python bin/extract_transcripts.py! This is most likely caused by:

The video is no longer available

If you are sure that the described cause is not responsible for this error and that a transcript should be retrievable, please create an issue at https://github.com/jdepoix/youtube-transcript-api/issues. Please add which version of youtube_transcript_api you are using and provide the information needed to replicate the error. Also make sure that there are no open issues which already describe your problem!
2026-06-25 01:47:05,623 - INFO - Processing transcript extraction for video: echo $WEBSHARE_USER
2026-06-25 01:47:09,051 - ERROR - Failed to fetch YouTube transcript for echo $WEBSHARE_USER: 
Could not retrieve a transcript for the video https://www.youtube.com/watch?v=echo $WEBSHARE_USER! This is most likely caused by:

The video is no longer available

If you are sure that the described cause is not responsible for this error and that a transcript should be retrievable, please create an issue at https://github.com/jdepoix/youtube-transcript-api/issues. Please add which version of youtube_transcript_api you are using and provide the information needed to replicate the error. Also make sure that there are no open issues which already describe your problem!
2026-06-25 01:47:30,943 - INFO - Processing transcript extraction for video: cat .env
2026-06-25 01:47:35,258 - ERROR - Failed to fetch YouTube transcript for cat .env: 
Could not retrieve a transcript for the video https://www.youtube.com/watch?v=cat .env! This is most likely caused by:

The video is no longer available

If you are sure that the described cause is not responsible for this error and that a transcript should be retrievable, please create an issue at https://github.com/jdepoix/youtube-transcript-api/issues. Please add which version of youtube_transcript_api you are using and provide the information needed to replicate the error. Also make sure that there are no open issues which already describe your problem!
2026-06-25 01:48:45,214 - INFO - Processing transcript extraction for video: cd home
2026-06-25 01:48:47,997 - ERROR - Failed to fetch YouTube transcript for cd home: 
Could not retrieve a transcript for the video https://www.youtube.com/watch?v=cd home! This is most likely caused by:

The video is no longer available

If you are sure that the described cause is not responsible for this error and that a transcript should be retrievable, please create an issue at https://github.com/jdepoix/youtube-transcript-api/issues. Please add which version of youtube_transcript_api you are using and provide the information needed to replicate the error. Also make sure that there are no open issues which already describe your problem!
